#
# There is insufficient memory for the Java Runtime Environment to continue.
# Native memory allocation (mmap) failed to map 113246208 bytes for G1 virtual space
# Possible reasons:
#   The system is out of physical RAM or swap space
#   The process is running with CompressedOops enabled, and the Java Heap may be blocking the growth of the native heap
# Possible solutions:
#   Reduce memory load on the system
#   Increase physical memory or swap space
#   Check if swap backing store is full
#   Decrease Java heap size (-Xmx/-Xms)
#   Decrease number of Java threads
#   Decrease Java thread stack sizes (-Xss)
#   Set larger code cache with -XX:ReservedCodeCacheSize=
#   JVM is running with Zero Based Compressed Oops mode in which the Java heap is
#     placed in the first 32GB address space. The Java Heap base address is the
#     maximum limit for the native heap growth. Please use -XX:HeapBaseMinAddress
#     to set the Java Heap base and to place the Java Heap above 32GB virtual address.
# This output file may be truncated or incomplete.
#
#  Out of Memory Error (os_windows.cpp:3548), pid=23920, tid=15804
#
# JRE version: Java(TM) SE Runtime Environment (17.0.11+7) (build 17.0.11+7-LTS-207)
# Java VM: Java HotSpot(TM) 64-Bit Server VM (17.0.11+7-LTS-207, mixed mode, emulated-client, sharing, tiered, compressed oops, compressed class ptrs, g1 gc, windows-amd64)
# No core dump will be written. Minidumps are not enabled by default on client versions of Windows
#

---------------  S U M M A R Y ------------

Command Line: -XX:TieredStopAtLevel=1 -Dspring.output.ansi.enabled=always -Dcom.sun.management.jmxremote -Dspring.jmx.enabled=true -Dspring.liveBeansView.mbeanDomain -Dspring.application.admin.enabled=true -Dmanagement.endpoints.jmx.exposure.include=* -javaagent:C:\Program Files\JetBrains\IntelliJ IDEA 2024.2.1\lib\idea_rt.jar=64860:C:\Program Files\JetBrains\IntelliJ IDEA 2024.2.1\bin -Dfile.encoding=UTF-8 BackAnt.BackAntApplication

Host: 12th Gen Intel(R) Core(TM) i7-12700F, 20 cores, 15G,  Windows 11 , 64 bit Build 22621 (10.0.22621.4391)
Time: Sat Dec 21 21:52:32 2024  Windows 11 , 64 bit Build 22621 (10.0.22621.4391) elapsed time: 9.476412 seconds (0d 0h 0m 9s)

---------------  T H R E A D  ---------------

Current thread (0x00000287e8a61b50):  VMThread "VM Thread" [stack: 0x000000a407200000,0x000000a407300000] [id=15804]

Stack: [0x000000a407200000,0x000000a407300000]
Native frames: (J=compiled Java code, j=interpreted, Vv=VM code, C=native code)
V  [jvm.dll+0x679cca]
V  [jvm.dll+0x7da13d]
V  [jvm.dll+0x7dba83]
V  [jvm.dll+0x7dc0f3]
V  [jvm.dll+0x2449af]
V  [jvm.dll+0x676ce9]
V  [jvm.dll+0x66b852]
V  [jvm.dll+0x3018d6]
V  [jvm.dll+0x308e76]
V  [jvm.dll+0x3596ee]
V  [jvm.dll+0x35991f]
V  [jvm.dll+0x2d89a8]
V  [jvm.dll+0x2d6ddd]
V  [jvm.dll+0x2d642c]
V  [jvm.dll+0x319f8b]
V  [jvm.dll+0x7e09eb]
V  [jvm.dll+0x7e1724]
V  [jvm.dll+0x7e1c3d]
V  [jvm.dll+0x7e2014]
V  [jvm.dll+0x7e20e0]
V  [jvm.dll+0x78a85a]
V  [jvm.dll+0x678bb5]
C  [ucrtbase.dll+0x29333]
C  [KERNEL32.DLL+0x1259d]
C  [ntdll.dll+0x5af38]

VM_Operation (0x000000a408af61c0): G1CollectForAllocation, mode: safepoint, requested by thread 0x00000287ed7d0460


---------------  P R O C E S S  ---------------

Threads class SMR info:
_java_thread_list=0x00000287eeb83310, length=38, elements={
0x00000287d0f757d0, 0x00000287e8a67670, 0x00000287e8a684f0, 0x00000287e8a84bb0,
0x00000287e8a85680, 0x00000287e8a86240, 0x00000287e8a88c10, 0x00000287e8a89680,
0x00000287e8a8a080, 0x00000287e8afa700, 0x00000287e8a509b0, 0x00000287e8a51060,
0x00000287e8b95000, 0x00000287e8b955d0, 0x00000287ed2752e0, 0x00000287ed27a720,
0x00000287ed3b89d0, 0x00000287ed7cf8f0, 0x00000287ed7d0460, 0x00000287edd91070,
0x00000287edd5b410, 0x00000287edfcdc20, 0x00000287edf43de0, 0x00000287edf44300,
0x00000287ee02d460, 0x00000287edf80040, 0x00000287eefe51e0, 0x00000287eeff94a0,
0x00000287ef0520d0, 0x00000287ef050c90, 0x00000287ef0511a0, 0x00000287ef0516b0,
0x00000287ef051bc0, 0x00000287ef2a3a10, 0x00000287ef2a4e50, 0x00000287ef2a4940,
0x00000287ef2a2ae0, 0x00000287ef2a20c0
}

Java Threads: ( => current thread )
  0x00000287d0f757d0 JavaThread "main" [_thread_blocked, id=20344, stack(0x000000a406c00000,0x000000a406d00000)]
  0x00000287e8a67670 JavaThread "Reference Handler" daemon [_thread_blocked, id=21904, stack(0x000000a407300000,0x000000a407400000)]
  0x00000287e8a684f0 JavaThread "Finalizer" daemon [_thread_blocked, id=17588, stack(0x000000a407400000,0x000000a407500000)]
  0x00000287e8a84bb0 JavaThread "Signal Dispatcher" daemon [_thread_blocked, id=22028, stack(0x000000a407500000,0x000000a407600000)]
  0x00000287e8a85680 JavaThread "Attach Listener" daemon [_thread_blocked, id=19712, stack(0x000000a407600000,0x000000a407700000)]
  0x00000287e8a86240 JavaThread "Service Thread" daemon [_thread_blocked, id=25876, stack(0x000000a407700000,0x000000a407800000)]
  0x00000287e8a88c10 JavaThread "Monitor Deflation Thread" daemon [_thread_blocked, id=2524, stack(0x000000a407800000,0x000000a407900000)]
  0x00000287e8a89680 JavaThread "C1 CompilerThread0" daemon [_thread_blocked, id=22348, stack(0x000000a407900000,0x000000a407a00000)]
  0x00000287e8a8a080 JavaThread "Sweeper thread" daemon [_thread_blocked, id=17148, stack(0x000000a407a00000,0x000000a407b00000)]
  0x00000287e8afa700 JavaThread "C1 CompilerThread1" daemon [_thread_blocked, id=18940, stack(0x000000a407b00000,0x000000a407c00000)]
  0x00000287e8a509b0 JavaThread "Common-Cleaner" daemon [_thread_blocked, id=10636, stack(0x000000a407c00000,0x000000a407d00000)]
  0x00000287e8a51060 JavaThread "C1 CompilerThread2" daemon [_thread_blocked, id=7644, stack(0x000000a407d00000,0x000000a407e00000)]
  0x00000287e8b95000 JavaThread "C1 CompilerThread3" daemon [_thread_blocked, id=25944, stack(0x000000a407e00000,0x000000a407f00000)]
  0x00000287e8b955d0 JavaThread "C1 CompilerThread4" daemon [_thread_blocked, id=9580, stack(0x000000a407f00000,0x000000a408000000)]
  0x00000287ed2752e0 JavaThread "Monitor Ctrl-Break" daemon [_thread_in_native, id=24776, stack(0x000000a408000000,0x000000a408100000)]
  0x00000287ed27a720 JavaThread "Notification Thread" daemon [_thread_blocked, id=27716, stack(0x000000a408100000,0x000000a408200000)]
  0x00000287ed3b89d0 JavaThread "RMI TCP Accept-0" daemon [_thread_in_native, id=19672, stack(0x000000a408200000,0x000000a408300000)]
  0x00000287ed7cf8f0 JavaThread "Thread-0" [_thread_blocked, id=9648, stack(0x000000a408900000,0x000000a408a00000)]
  0x00000287ed7d0460 JavaThread "restartedMain" [_thread_blocked, id=16288, stack(0x000000a408a00000,0x000000a408b00000)]
  0x00000287edd91070 JavaThread "RMI TCP Connection(2)-192.168.0.132" daemon [_thread_in_native, id=15748, stack(0x000000a408b00000,0x000000a408c00000)]
  0x00000287edd5b410 JavaThread "RMI Scheduler(0)" daemon [_thread_blocked, id=2088, stack(0x000000a408e00000,0x000000a408f00000)]
  0x00000287edfcdc20 JavaThread "C1 CompilerThread5" daemon [_thread_blocked, id=18492, stack(0x000000a409000000,0x000000a409100000)]
  0x00000287edf43de0 JavaThread "C1 CompilerThread6" daemon [_thread_blocked, id=13748, stack(0x000000a409100000,0x000000a409200000)]
  0x00000287edf44300 JavaThread "C1 CompilerThread7" daemon [_thread_blocked, id=13588, stack(0x000000a409200000,0x000000a409300000)]
  0x00000287ee02d460 JavaThread "C1 CompilerThread8" daemon [_thread_blocked, id=5892, stack(0x000000a409300000,0x000000a409400000)]
  0x00000287edf80040 JavaThread "C1 CompilerThread9" daemon [_thread_blocked, id=5620, stack(0x000000a409400000,0x000000a409500000)]
  0x00000287eefe51e0 JavaThread "Catalina-utility-1" [_thread_blocked, id=15888, stack(0x000000a408f00000,0x000000a409000000)]
  0x00000287eeff94a0 JavaThread "Catalina-utility-2" [_thread_blocked, id=5096, stack(0x000000a409f00000,0x000000a40a000000)]
  0x00000287ef0520d0 JavaThread "container-0" [_thread_blocked, id=27256, stack(0x000000a40a000000,0x000000a40a100000)]
  0x00000287ef050c90 JavaThread "mysql-cj-abandoned-connection-cleanup" daemon [_thread_blocked, id=17000, stack(0x000000a40a100000,0x000000a40a200000)]
  0x00000287ef0511a0 JavaThread "RMI TCP Connection(3)-192.168.0.132" daemon [_thread_in_native, id=13348, stack(0x000000a40a200000,0x000000a40a300000)]
  0x00000287ef0516b0 JavaThread "HikariPool-1 housekeeper" daemon [_thread_blocked, id=19732, stack(0x000000a40a400000,0x000000a40a500000)]
  0x00000287ef051bc0 JavaThread "HikariPool-1 connection adder" daemon [_thread_blocked, id=3484, stack(0x000000a40a500000,0x000000a40a600000)]
  0x00000287ef2a3a10 JavaThread "BufferPoolPruner-1-thread-1" daemon [_thread_blocked, id=23864, stack(0x000000a40a600000,0x000000a40a700000)]
  0x00000287ef2a4e50 JavaThread "cluster-ClusterId{value='6766ba0e32f818500e58e21b', description='null'}-3.38.150.176:27017" daemon [_thread_in_native, id=19192, stack(0x000000a40a800000,0x000000a40a900000)]
  0x00000287ef2a4940 JavaThread "cluster-rtt-ClusterId{value='6766ba0e32f818500e58e21b', description='null'}-3.38.150.176:27017" daemon [_thread_blocked, id=27752, stack(0x000000a40a700000,0x000000a40a800000)]
  0x00000287ef2a2ae0 JavaThread "MaintenanceTimer-2-thread-1" daemon [_thread_blocked, id=16312, stack(0x000000a40a900000,0x000000a40aa00000)]
  0x00000287ef2a20c0 JavaThread "Live Reload Server" daemon [_thread_in_native, id=21588, stack(0x000000a40ab00000,0x000000a40ac00000)]

Other Threads:
=>0x00000287e8a61b50 VMThread "VM Thread" [stack: 0x000000a407200000,0x000000a407300000] [id=15804]
  0x00000287ed3c9550 WatcherThread [stack: 0x000000a408300000,0x000000a408400000] [id=25696]
  0x00000287d0fe3be0 GCTaskThread "GC Thread#0" [stack: 0x000000a406d00000,0x000000a406e00000] [id=25596]
  0x00000287ed676910 GCTaskThread "GC Thread#1" [stack: 0x000000a408400000,0x000000a408500000] [id=4004]
  0x00000287ed676bd0 GCTaskThread "GC Thread#2" [stack: 0x000000a408500000,0x000000a408600000] [id=12320]
  0x00000287ed68fa90 GCTaskThread "GC Thread#3" [stack: 0x000000a408600000,0x000000a408700000] [id=4008]
  0x00000287ed68fd50 GCTaskThread "GC Thread#4" [stack: 0x000000a408700000,0x000000a408800000] [id=10448]
  0x00000287ed6908a0 GCTaskThread "GC Thread#5" [stack: 0x000000a408800000,0x000000a408900000] [id=25228]
  0x00000287edcb2c30 GCTaskThread "GC Thread#6" [stack: 0x000000a408c00000,0x000000a408d00000] [id=11188]
  0x00000287edc59290 GCTaskThread "GC Thread#7" [stack: 0x000000a408d00000,0x000000a408e00000] [id=28624]
  0x00000287ee0af9d0 GCTaskThread "GC Thread#8" [stack: 0x000000a409500000,0x000000a409600000] [id=20120]
  0x00000287ee0a1fd0 GCTaskThread "GC Thread#9" [stack: 0x000000a409600000,0x000000a409700000] [id=22936]
  0x00000287ee04f7f0 GCTaskThread "GC Thread#10" [stack: 0x000000a409700000,0x000000a409800000] [id=8304]
  0x00000287ee0baa20 GCTaskThread "GC Thread#11" [stack: 0x000000a409800000,0x000000a409900000] [id=19484]
  0x00000287ee11c5d0 GCTaskThread "GC Thread#12" [stack: 0x000000a409900000,0x000000a409a00000] [id=4700]
  0x00000287ee0419d0 GCTaskThread "GC Thread#13" [stack: 0x000000a409a00000,0x000000a409b00000] [id=27268]
  0x00000287ee17cc70 GCTaskThread "GC Thread#14" [stack: 0x000000a409b00000,0x000000a409c00000] [id=6168]
  0x00000287cec4df30 ConcurrentGCThread "G1 Main Marker" [stack: 0x000000a406e00000,0x000000a406f00000] [id=16856]
  0x00000287cec4e940 ConcurrentGCThread "G1 Conc#0" [stack: 0x000000a406f00000,0x000000a407000000] [id=17108]
  0x00000287ee458560 ConcurrentGCThread "G1 Conc#1" [stack: 0x000000a409c00000,0x000000a409d00000] [id=10668]
  0x00000287ee458820 ConcurrentGCThread "G1 Conc#2" [stack: 0x000000a409d00000,0x000000a409e00000] [id=27492]
  0x00000287ee459060 ConcurrentGCThread "G1 Conc#3" [stack: 0x000000a409e00000,0x000000a409f00000] [id=18020]
  0x00000287d101ec30 ConcurrentGCThread "G1 Refine#0" [stack: 0x000000a407000000,0x000000a407100000] [id=4012]
  0x00000287efae4750 ConcurrentGCThread "G1 Refine#1" [stack: 0x000000a40aa00000,0x000000a40ab00000] [id=22712]
  0x00000287ed59b7f0 ConcurrentGCThread "G1 Refine#2" [stack: 0x000000a40ac00000,0x000000a40ad00000] [id=7272]
  0x00000287ed59ac30 ConcurrentGCThread "G1 Refine#3" [stack: 0x000000a40ad00000,0x000000a40ae00000] [id=14412]
  0x00000287ed59bae0 ConcurrentGCThread "G1 Refine#4" [stack: 0x000000a40ae00000,0x000000a40af00000] [id=10056]
  0x00000287e83b84b0 ConcurrentGCThread "G1 Service" [stack: 0x000000a407100000,0x000000a407200000] [id=8288]

Threads with active compile tasks:

VM state: at safepoint (normal execution)

VM Mutex/Monitor currently owned by a thread:  ([mutex/lock_event])
[0x00000287d0f72880] Threads_lock - owner thread: 0x00000287e8a61b50
[0x00000287d0f73570] Heap_lock - owner thread: 0x00000287ed7d0460

Heap address: 0x0000000702400000, size: 4060 MB, Compressed Oops mode: Zero based, Oop shift amount: 3

CDS archive(s) mapped at: [0x0000028780000000-0x0000028780bd0000-0x0000028780bd0000), size 12386304, SharedBaseAddress: 0x0000028780000000, ArchiveRelocationMode: 1.
Compressed class space mapped at: 0x0000028781000000-0x00000287c1000000, reserved size: 1073741824
Narrow klass base: 0x0000028780000000, Narrow klass shift: 0, Narrow klass range: 0x100000000

GC Precious Log:
 CPUs: 20 total, 20 available
 Memory: 16234M
 Large Page Support: Disabled
 NUMA Support: Disabled
 Compressed Oops: Enabled (Zero based)
 Heap Region Size: 2M
 Heap Min Capacity: 8M
 Heap Initial Capacity: 254M
 Heap Max Capacity: 4060M
 Pre-touch: Disabled
 Parallel Workers: 15
 Concurrent Workers: 4
 Concurrent Refinement Workers: 15
 Periodic GC: Disabled

Heap:
 garbage-first heap   total 262144K, used 113981K [0x0000000702400000, 0x0000000800000000)
  region size 2048K, 2 young (4096K), 2 survivors (4096K)
 Metaspace       used 88361K, committed 89152K, reserved 1179648K
  class space    used 12996K, committed 13376K, reserved 1048576K

Heap Regions: E=young(eden), S=young(survivor), O=old, HS=humongous(starts), HC=humongous(continues), CS=collection set, F=free, OA=open archive, CA=closed archive, TAMS=top-at-mark-start (previous, next)
|   0|0x0000000702400000, 0x0000000702600000, 0x0000000702600000|100%| O|  |TAMS 0x0000000702600000, 0x0000000702600000| Untracked 
|   1|0x0000000702600000, 0x0000000702800000, 0x0000000702800000|100%| O|  |TAMS 0x0000000702800000, 0x0000000702800000| Untracked 
|   2|0x0000000702800000, 0x0000000702a00000, 0x0000000702a00000|100%| O|  |TAMS 0x0000000702a00000, 0x0000000702a00000| Untracked 
|   3|0x0000000702a00000, 0x0000000702c00000, 0x0000000702c00000|100%| O|  |TAMS 0x0000000702c00000, 0x0000000702c00000| Untracked 
|   4|0x0000000702c00000, 0x0000000702e00000, 0x0000000702e00000|100%| O|  |TAMS 0x0000000702e00000, 0x0000000702e00000| Untracked 
|   5|0x0000000702e00000, 0x0000000703000000, 0x0000000703000000|100%| O|  |TAMS 0x0000000703000000, 0x0000000703000000| Untracked 
|   6|0x0000000703000000, 0x0000000703200000, 0x0000000703200000|100%| O|  |TAMS 0x0000000703200000, 0x0000000703200000| Untracked 
|   7|0x0000000703200000, 0x0000000703400000, 0x0000000703400000|100%| O|  |TAMS 0x0000000703400000, 0x0000000703400000| Untracked 
|   8|0x0000000703400000, 0x0000000703600000, 0x0000000703600000|100%| O|  |TAMS 0x0000000703600000, 0x0000000703600000| Untracked 
|   9|0x0000000703600000, 0x0000000703800000, 0x0000000703800000|100%| O|  |TAMS 0x0000000703800000, 0x0000000703800000| Untracked 
|  10|0x0000000703800000, 0x0000000703a00000, 0x0000000703a00000|100%| O|  |TAMS 0x0000000703a00000, 0x0000000703a00000| Untracked 
|  11|0x0000000703a00000, 0x0000000703c00000, 0x0000000703c00000|100%| O|  |TAMS 0x0000000703c00000, 0x0000000703c00000| Untracked 
|  12|0x0000000703c00000, 0x0000000703e00000, 0x0000000703e00000|100%| O|  |TAMS 0x0000000703e00000, 0x0000000703e00000| Untracked 
|  13|0x0000000703e00000, 0x0000000704000000, 0x0000000704000000|100%| O|  |TAMS 0x0000000704000000, 0x0000000704000000| Untracked 
|  14|0x0000000704000000, 0x0000000704200000, 0x0000000704200000|100%| O|  |TAMS 0x0000000704200000, 0x0000000704200000| Untracked 
|  15|0x0000000704200000, 0x0000000704400000, 0x0000000704400000|100%| O|  |TAMS 0x0000000704400000, 0x0000000704400000| Untracked 
|  16|0x0000000704400000, 0x0000000704600000, 0x0000000704600000|100%| O|  |TAMS 0x0000000704600000, 0x0000000704600000| Untracked 
|  17|0x0000000704600000, 0x0000000704800000, 0x0000000704800000|100%| O|  |TAMS 0x0000000704800000, 0x0000000704800000| Untracked 
|  18|0x0000000704800000, 0x0000000704a00000, 0x0000000704a00000|100%| O|  |TAMS 0x0000000704a00000, 0x0000000704a00000| Untracked 
|  19|0x0000000704a00000, 0x0000000704c00000, 0x0000000704c00000|100%| O|  |TAMS 0x0000000704c00000, 0x0000000704c00000| Untracked 
|  20|0x0000000704c00000, 0x0000000704e00000, 0x0000000704e00000|100%| O|  |TAMS 0x0000000704e00000, 0x0000000704e00000| Untracked 
|  21|0x0000000704e00000, 0x0000000705000000, 0x0000000705000000|100%| O|  |TAMS 0x0000000705000000, 0x0000000705000000| Untracked 
|  22|0x0000000705000000, 0x0000000705200000, 0x0000000705200000|100%| O|  |TAMS 0x0000000705200000, 0x0000000705200000| Untracked 
|  23|0x0000000705200000, 0x0000000705400000, 0x0000000705400000|100%| O|  |TAMS 0x0000000705400000, 0x0000000705400000| Untracked 
|  24|0x0000000705400000, 0x00000007055ffff8, 0x0000000705600000| 99%| O|  |TAMS 0x00000007055ffff8, 0x00000007055ffff8| Untracked 
|  25|0x0000000705600000, 0x0000000705800000, 0x0000000705800000|100%| O|  |TAMS 0x0000000705800000, 0x0000000705800000| Untracked 
|  26|0x0000000705800000, 0x0000000705a00000, 0x0000000705a00000|100%| O|  |TAMS 0x0000000705a00000, 0x0000000705a00000| Untracked 
|  27|0x0000000705a00000, 0x0000000705c00000, 0x0000000705c00000|100%| O|  |TAMS 0x0000000705c00000, 0x0000000705c00000| Untracked 
|  28|0x0000000705c00000, 0x0000000705e00000, 0x0000000705e00000|100%| O|  |TAMS 0x0000000705e00000, 0x0000000705e00000| Untracked 
|  29|0x0000000705e00000, 0x0000000706000000, 0x0000000706000000|100%| O|  |TAMS 0x0000000705e00000, 0x0000000706000000| Untracked 
|  30|0x0000000706000000, 0x0000000706200000, 0x0000000706200000|100%| O|  |TAMS 0x0000000706200000, 0x0000000706200000| Untracked 
|  31|0x0000000706200000, 0x0000000706400000, 0x0000000706400000|100%| O|  |TAMS 0x0000000706200000, 0x0000000706400000| Untracked 
|  32|0x0000000706400000, 0x0000000706600000, 0x0000000706600000|100%| O|  |TAMS 0x0000000706400000, 0x0000000706600000| Untracked 
|  33|0x0000000706600000, 0x0000000706800000, 0x0000000706800000|100%| O|  |TAMS 0x0000000706800000, 0x0000000706800000| Untracked 
|  34|0x0000000706800000, 0x0000000706a00000, 0x0000000706a00000|100%| O|  |TAMS 0x00000007069b0e00, 0x0000000706a00000| Untracked 
|  35|0x0000000706a00000, 0x0000000706c00000, 0x0000000706c00000|100%| O|  |TAMS 0x0000000706a00000, 0x0000000706c00000| Untracked 
|  36|0x0000000706c00000, 0x0000000706e00000, 0x0000000706e00000|100%| O|  |TAMS 0x0000000706c00000, 0x0000000706e00000| Untracked 
|  37|0x0000000706e00000, 0x0000000707000000, 0x0000000707000000|100%| O|  |TAMS 0x0000000706e00000, 0x0000000707000000| Untracked 
|  38|0x0000000707000000, 0x0000000707200000, 0x0000000707200000|100%| O|  |TAMS 0x0000000707000000, 0x0000000707200000| Untracked 
|  39|0x0000000707200000, 0x0000000707400000, 0x0000000707400000|100%| O|  |TAMS 0x0000000707200000, 0x0000000707400000| Untracked 
|  40|0x0000000707400000, 0x0000000707600000, 0x0000000707600000|100%| O|  |TAMS 0x0000000707400000, 0x0000000707600000| Untracked 
|  41|0x0000000707600000, 0x0000000707800000, 0x0000000707800000|100%| O|  |TAMS 0x0000000707600000, 0x0000000707800000| Untracked 
|  42|0x0000000707800000, 0x0000000707a00000, 0x0000000707a00000|100%| O|  |TAMS 0x0000000707800000, 0x0000000707a00000| Untracked 
|  43|0x0000000707a00000, 0x0000000707c00000, 0x0000000707c00000|100%| O|  |TAMS 0x0000000707a00000, 0x0000000707c00000| Untracked 
|  44|0x0000000707c00000, 0x0000000707e00000, 0x0000000707e00000|100%| O|  |TAMS 0x0000000707c00000, 0x0000000707e00000| Untracked 
|  45|0x0000000707e00000, 0x0000000708000000, 0x0000000708000000|100%| O|  |TAMS 0x0000000707e00000, 0x0000000708000000| Untracked 
|  46|0x0000000708000000, 0x0000000708200000, 0x0000000708200000|100%| O|  |TAMS 0x0000000708000000, 0x0000000708200000| Untracked 
|  47|0x0000000708200000, 0x0000000708400000, 0x0000000708400000|100%| O|  |TAMS 0x0000000708200000, 0x0000000708400000| Untracked 
|  48|0x0000000708400000, 0x0000000708600000, 0x0000000708600000|100%| O|  |TAMS 0x0000000708400000, 0x0000000708465e00| Untracked 
|  49|0x0000000708600000, 0x0000000708800000, 0x0000000708800000|100%| O|  |TAMS 0x0000000708600000, 0x0000000708600000| Untracked 
|  50|0x0000000708800000, 0x0000000708a00000, 0x0000000708a00000|100%| O|  |TAMS 0x0000000708800000, 0x0000000708800000| Untracked 
|  51|0x0000000708a00000, 0x0000000708c00000, 0x0000000708c00000|100%| O|  |TAMS 0x0000000708a00000, 0x0000000708a00000| Untracked 
|  52|0x0000000708c00000, 0x0000000708d4f600, 0x0000000708e00000| 65%| O|  |TAMS 0x0000000708c00000, 0x0000000708c00000| Untracked 
|  53|0x0000000708e00000, 0x0000000708e00000, 0x0000000709000000|  0%| F|  |TAMS 0x0000000708e00000, 0x0000000708e00000| Untracked 
|  54|0x0000000709000000, 0x0000000709000000, 0x0000000709200000|  0%| F|  |TAMS 0x0000000709000000, 0x0000000709000000| Untracked 
|  55|0x0000000709200000, 0x0000000709200000, 0x0000000709400000|  0%| F|  |TAMS 0x0000000709200000, 0x0000000709200000| Untracked 
|  56|0x0000000709400000, 0x0000000709400000, 0x0000000709600000|  0%| F|  |TAMS 0x0000000709400000, 0x0000000709400000| Untracked 
|  57|0x0000000709600000, 0x0000000709600000, 0x0000000709800000|  0%| F|  |TAMS 0x0000000709600000, 0x0000000709600000| Untracked 
|  58|0x0000000709800000, 0x0000000709800000, 0x0000000709a00000|  0%| F|  |TAMS 0x0000000709800000, 0x0000000709800000| Untracked 
|  59|0x0000000709a00000, 0x0000000709a00000, 0x0000000709c00000|  0%| F|  |TAMS 0x0000000709a00000, 0x0000000709a00000| Untracked 
|  60|0x0000000709c00000, 0x0000000709c00000, 0x0000000709e00000|  0%| F|  |TAMS 0x0000000709c00000, 0x0000000709c00000| Untracked 
|  61|0x0000000709e00000, 0x0000000709e00000, 0x000000070a000000|  0%| F|  |TAMS 0x0000000709e00000, 0x0000000709e00000| Untracked 
|  62|0x000000070a000000, 0x000000070a000000, 0x000000070a200000|  0%| F|  |TAMS 0x000000070a000000, 0x000000070a000000| Untracked 
|  63|0x000000070a200000, 0x000000070a200000, 0x000000070a400000|  0%| F|  |TAMS 0x000000070a200000, 0x000000070a200000| Untracked 
|  64|0x000000070a400000, 0x000000070a400000, 0x000000070a600000|  0%| F|  |TAMS 0x000000070a400000, 0x000000070a400000| Untracked 
|  65|0x000000070a600000, 0x000000070a600000, 0x000000070a800000|  0%| F|  |TAMS 0x000000070a600000, 0x000000070a600000| Untracked 
|  66|0x000000070a800000, 0x000000070a800000, 0x000000070aa00000|  0%| F|  |TAMS 0x000000070a800000, 0x000000070a800000| Untracked 
|  67|0x000000070aa00000, 0x000000070aa00000, 0x000000070ac00000|  0%| F|  |TAMS 0x000000070aa00000, 0x000000070aa00000| Untracked 
|  68|0x000000070ac00000, 0x000000070ac00000, 0x000000070ae00000|  0%| F|  |TAMS 0x000000070ac00000, 0x000000070ac00000| Untracked 
|  69|0x000000070ae00000, 0x000000070ae00000, 0x000000070b000000|  0%| F|  |TAMS 0x000000070ae00000, 0x000000070ae00000| Untracked 
|  70|0x000000070b000000, 0x000000070b200000, 0x000000070b200000|100%| S|CS|TAMS 0x000000070b000000, 0x000000070b000000| Complete 
|  71|0x000000070b200000, 0x000000070b400000, 0x000000070b400000|100%| S|CS|TAMS 0x000000070b200000, 0x000000070b200000| Complete 
|  72|0x000000070b400000, 0x000000070b400000, 0x000000070b600000|  0%| F|  |TAMS 0x000000070b400000, 0x000000070b400000| Untracked 
|  73|0x000000070b600000, 0x000000070b600000, 0x000000070b800000|  0%| F|  |TAMS 0x000000070b600000, 0x000000070b600000| Untracked 
|  74|0x000000070b800000, 0x000000070b800000, 0x000000070ba00000|  0%| F|  |TAMS 0x000000070b800000, 0x000000070b800000| Untracked 
|  75|0x000000070ba00000, 0x000000070ba00000, 0x000000070bc00000|  0%| F|  |TAMS 0x000000070ba00000, 0x000000070ba00000| Untracked 
|  76|0x000000070bc00000, 0x000000070bc00000, 0x000000070be00000|  0%| F|  |TAMS 0x000000070bc00000, 0x000000070bc00000| Untracked 
|  77|0x000000070be00000, 0x000000070be00000, 0x000000070c000000|  0%| F|  |TAMS 0x000000070be00000, 0x000000070be00000| Untracked 
|  78|0x000000070c000000, 0x000000070c000000, 0x000000070c200000|  0%| F|  |TAMS 0x000000070c000000, 0x000000070c000000| Untracked 
|  79|0x000000070c200000, 0x000000070c200000, 0x000000070c400000|  0%| F|  |TAMS 0x000000070c200000, 0x000000070c200000| Untracked 
|  80|0x000000070c400000, 0x000000070c400000, 0x000000070c600000|  0%| F|  |TAMS 0x000000070c400000, 0x000000070c400000| Untracked 
|  81|0x000000070c600000, 0x000000070c600000, 0x000000070c800000|  0%| F|  |TAMS 0x000000070c600000, 0x000000070c600000| Untracked 
|  82|0x000000070c800000, 0x000000070c800000, 0x000000070ca00000|  0%| F|  |TAMS 0x000000070c800000, 0x000000070c800000| Untracked 
|  83|0x000000070ca00000, 0x000000070ca00000, 0x000000070cc00000|  0%| F|  |TAMS 0x000000070ca00000, 0x000000070ca00000| Untracked 
|  84|0x000000070cc00000, 0x000000070cc00000, 0x000000070ce00000|  0%| F|  |TAMS 0x000000070cc00000, 0x000000070cc00000| Untracked 
|  85|0x000000070ce00000, 0x000000070ce00000, 0x000000070d000000|  0%| F|  |TAMS 0x000000070ce00000, 0x000000070ce00000| Untracked 
|  86|0x000000070d000000, 0x000000070d000000, 0x000000070d200000|  0%| F|  |TAMS 0x000000070d000000, 0x000000070d000000| Untracked 
|  87|0x000000070d200000, 0x000000070d200000, 0x000000070d400000|  0%| F|  |TAMS 0x000000070d200000, 0x000000070d200000| Untracked 
|  88|0x000000070d400000, 0x000000070d400000, 0x000000070d600000|  0%| F|  |TAMS 0x000000070d400000, 0x000000070d400000| Untracked 
|  89|0x000000070d600000, 0x000000070d600000, 0x000000070d800000|  0%| F|  |TAMS 0x000000070d600000, 0x000000070d600000| Untracked 
|  90|0x000000070d800000, 0x000000070d800000, 0x000000070da00000|  0%| F|  |TAMS 0x000000070d800000, 0x000000070d800000| Untracked 
|  91|0x000000070da00000, 0x000000070da00000, 0x000000070dc00000|  0%| F|  |TAMS 0x000000070da00000, 0x000000070da00000| Untracked 
|  92|0x000000070dc00000, 0x000000070dc00000, 0x000000070de00000|  0%| F|  |TAMS 0x000000070dc00000, 0x000000070dc00000| Untracked 
|  93|0x000000070de00000, 0x000000070de00000, 0x000000070e000000|  0%| F|  |TAMS 0x000000070de00000, 0x000000070de00000| Untracked 
|  94|0x000000070e000000, 0x000000070e000000, 0x000000070e200000|  0%| F|  |TAMS 0x000000070e000000, 0x000000070e000000| Untracked 
|  95|0x000000070e200000, 0x000000070e200000, 0x000000070e400000|  0%| F|  |TAMS 0x000000070e200000, 0x000000070e200000| Untracked 
|  96|0x000000070e400000, 0x000000070e400000, 0x000000070e600000|  0%| F|  |TAMS 0x000000070e400000, 0x000000070e400000| Untracked 
|  97|0x000000070e600000, 0x000000070e600000, 0x000000070e800000|  0%| F|  |TAMS 0x000000070e600000, 0x000000070e600000| Untracked 
|  98|0x000000070e800000, 0x000000070e800000, 0x000000070ea00000|  0%| F|  |TAMS 0x000000070e800000, 0x000000070e800000| Untracked 
|  99|0x000000070ea00000, 0x000000070ea00000, 0x000000070ec00000|  0%| F|  |TAMS 0x000000070ea00000, 0x000000070ea00000| Untracked 
| 100|0x000000070ec00000, 0x000000070ec00000, 0x000000070ee00000|  0%| F|  |TAMS 0x000000070ec00000, 0x000000070ec00000| Untracked 
| 101|0x000000070ee00000, 0x000000070ee00000, 0x000000070f000000|  0%| F|  |TAMS 0x000000070ee00000, 0x000000070ee00000| Untracked 
| 102|0x000000070f000000, 0x000000070f000000, 0x000000070f200000|  0%| F|  |TAMS 0x000000070f000000, 0x000000070f000000| Untracked 
| 103|0x000000070f200000, 0x000000070f200000, 0x000000070f400000|  0%| F|  |TAMS 0x000000070f200000, 0x000000070f200000| Untracked 
| 104|0x000000070f400000, 0x000000070f400000, 0x000000070f600000|  0%| F|  |TAMS 0x000000070f400000, 0x000000070f400000| Untracked 
| 105|0x000000070f600000, 0x000000070f600000, 0x000000070f800000|  0%| F|  |TAMS 0x000000070f600000, 0x000000070f600000| Untracked 
| 106|0x000000070f800000, 0x000000070f800000, 0x000000070fa00000|  0%| F|  |TAMS 0x000000070f800000, 0x000000070f800000| Untracked 
| 107|0x000000070fa00000, 0x000000070fa00000, 0x000000070fc00000|  0%| F|  |TAMS 0x000000070fa00000, 0x000000070fa00000| Untracked 
| 108|0x000000070fc00000, 0x000000070fc00000, 0x000000070fe00000|  0%| F|  |TAMS 0x000000070fc00000, 0x000000070fc00000| Untracked 
| 109|0x000000070fe00000, 0x000000070fe00000, 0x0000000710000000|  0%| F|  |TAMS 0x000000070fe00000, 0x000000070fe00000| Untracked 
| 110|0x0000000710000000, 0x0000000710000000, 0x0000000710200000|  0%| F|  |TAMS 0x0000000710000000, 0x0000000710000000| Untracked 
| 111|0x0000000710200000, 0x0000000710200000, 0x0000000710400000|  0%| F|  |TAMS 0x0000000710200000, 0x0000000710200000| Untracked 
| 112|0x0000000710400000, 0x0000000710400000, 0x0000000710600000|  0%| F|  |TAMS 0x0000000710400000, 0x0000000710400000| Untracked 
| 113|0x0000000710600000, 0x0000000710600000, 0x0000000710800000|  0%| F|  |TAMS 0x0000000710600000, 0x0000000710600000| Untracked 
| 114|0x0000000710800000, 0x0000000710800000, 0x0000000710a00000|  0%| F|  |TAMS 0x0000000710800000, 0x0000000710800000| Untracked 
| 115|0x0000000710a00000, 0x0000000710a00000, 0x0000000710c00000|  0%| F|  |TAMS 0x0000000710a00000, 0x0000000710a00000| Untracked 
| 116|0x0000000710c00000, 0x0000000710c00000, 0x0000000710e00000|  0%| F|  |TAMS 0x0000000710c00000, 0x0000000710c00000| Untracked 
| 117|0x0000000710e00000, 0x0000000710e00000, 0x0000000711000000|  0%| F|  |TAMS 0x0000000710e00000, 0x0000000710e00000| Untracked 
| 118|0x0000000711000000, 0x0000000711000000, 0x0000000711200000|  0%| F|  |TAMS 0x0000000711000000, 0x0000000711000000| Untracked 
| 119|0x0000000711200000, 0x0000000711200000, 0x0000000711400000|  0%| F|  |TAMS 0x0000000711200000, 0x0000000711200000| Untracked 
| 120|0x0000000711400000, 0x0000000711400000, 0x0000000711600000|  0%| F|  |TAMS 0x0000000711400000, 0x0000000711400000| Untracked 
| 121|0x0000000711600000, 0x0000000711600000, 0x0000000711800000|  0%| F|  |TAMS 0x0000000711600000, 0x0000000711600000| Untracked 
| 122|0x0000000711800000, 0x0000000711800000, 0x0000000711a00000|  0%| F|  |TAMS 0x0000000711800000, 0x0000000711800000| Untracked 
| 123|0x0000000711a00000, 0x0000000711a00000, 0x0000000711c00000|  0%| F|  |TAMS 0x0000000711a00000, 0x0000000711a00000| Untracked 
| 124|0x0000000711c00000, 0x0000000711c00000, 0x0000000711e00000|  0%| F|  |TAMS 0x0000000711c00000, 0x0000000711c00000| Untracked 
| 125|0x0000000711e00000, 0x0000000711e00000, 0x0000000712000000|  0%| F|  |TAMS 0x0000000711e00000, 0x0000000711e00000| Untracked 
| 126|0x0000000712000000, 0x0000000712000000, 0x0000000712200000|  0%| F|  |TAMS 0x0000000712000000, 0x0000000712000000| Untracked 
|2029|0x00000007ffe00000, 0x0000000800000000, 0x0000000800000000|100%| O|  |TAMS 0x0000000800000000, 0x0000000800000000| Untracked 

Card table byte_map: [0x00000287dc880000,0x00000287dd070000] _byte_map_base: 0x00000287d906e000

Marking Bits (Prev, Next): (CMBitMap*) 0x00000287d0fe4200, (CMBitMap*) 0x00000287d0fe4240
 Prev Bits: [0x00000287dd860000, 0x00000287e17d0000)
 Next Bits: [0x00000287e17d0000, 0x00000287e5740000)

Polling page: 0x00000287ceef0000

Metaspace:

Usage:
  Non-class:     73.60 MB used.
      Class:     12.69 MB used.
       Both:     86.29 MB used.

Virtual space:
  Non-class space:      128.00 MB reserved,      74.00 MB ( 58%) committed,  2 nodes.
      Class space:        1.00 GB reserved,      13.06 MB (  1%) committed,  1 nodes.
             Both:        1.12 GB reserved,      87.06 MB (  8%) committed. 

Chunk freelists:
   Non-Class:  5.98 MB
       Class:  2.99 MB
        Both:  8.97 MB

MaxMetaspaceSize: unlimited
CompressedClassSpaceSize: 1.00 GB
Initial GC threshold: 21.00 MB
Current GC threshold: 145.12 MB
CDS: on
MetaspaceReclaimPolicy: balanced
 - commit_granule_bytes: 65536.
 - commit_granule_words: 8192.
 - virtual_space_node_default_size: 8388608.
 - enlarge_chunks_in_place: 1.
 - new_chunks_are_fully_committed: 0.
 - uncommit_free_chunks: 1.
 - use_allocation_guard: 0.
 - handle_deallocations: 1.


Internal statistics:

num_allocs_failed_limit: 11.
num_arena_births: 1114.
num_arena_deaths: 22.
num_vsnodes_births: 3.
num_vsnodes_deaths: 0.
num_space_committed: 1391.
num_space_uncommitted: 0.
num_chunks_returned_to_freelist: 44.
num_chunks_taken_from_freelist: 4412.
num_chunk_merges: 13.
num_chunk_splits: 3164.
num_chunks_enlarged: 2405.
num_inconsistent_stats: 0.

CodeCache: size=49152Kb used=22076Kb max_used=22160Kb free=27075Kb
 bounds [0x00000287d8810000, 0x00000287d9dc0000, 0x00000287db810000]
 total_blobs=11051 nmethods=10304 adapters=664
 compilation: enabled
              stopped_count=0, restarted_count=0
 full_count=0

Compilation events (20 events):
Event: 9.282 Thread 0x00000287e8b95000 nmethod 10488 0x00000287d9834a10 code [0x00000287d9834be0, 0x00000287d9834e98]
Event: 9.282 Thread 0x00000287e8a51060 nmethod 10490 0x00000287d9834610 code [0x00000287d98347a0, 0x00000287d9834928]
Event: 9.282 Thread 0x00000287ee02d460 10491       1       org.hibernate.internal.SessionFactoryImpl::getJpaMetamodel (10 bytes)
Event: 9.282 Thread 0x00000287ee02d460 nmethod 10491 0x00000287d9834290 code [0x00000287d9834420, 0x00000287d9834538]
Event: 9.283 Thread 0x00000287e8afa700 10492   !   1       jdk.proxy2.$Proxy188::annotationType (29 bytes)
Event: 9.283 Thread 0x00000287e8afa700 nmethod 10492 0x00000287d9833d90 code [0x00000287d9833f40, 0x00000287d9834158]
Event: 9.284 Thread 0x00000287e8b955d0 10493       1       java.util.regex.Pattern$CharPredicate$$Lambda$1594/0x0000028781727400::is (15 bytes)
Event: 9.284 Thread 0x00000287e8afa700 10494       1       java.util.regex.Pattern$CharPredicate::lambda$and$0 (26 bytes)
Event: 9.284 Thread 0x00000287e8b955d0 nmethod 10493 0x00000287d9833910 code [0x00000287d9833ac0, 0x00000287d9833c78]
Event: 9.284 Thread 0x00000287e8afa700 nmethod 10494 0x00000287d9833290 code [0x00000287d9833440, 0x00000287d9833598]
Event: 9.284 Thread 0x00000287e8a51060 10495   !   1       java.util.regex.Pattern$Neg::match (121 bytes)
Event: 9.285 Thread 0x00000287e8a51060 nmethod 10495 0x00000287d8ba0a90 code [0x00000287d8ba0c60, 0x00000287d8ba0ef8]
Event: 9.298 Thread 0x00000287edfcdc20 10496       1       java.util.ArrayList::equals (62 bytes)
Event: 9.298 Thread 0x00000287edfcdc20 nmethod 10496 0x00000287d8ba0410 code [0x00000287d8ba05e0, 0x00000287d8ba0948]
Event: 9.300 Thread 0x00000287ee02d460 10497       1       org.springframework.data.jpa.repository.query.QueryRenderer$QueryRendererBuilder::isEmpty (8 bytes)
Event: 9.300 Thread 0x00000287ee02d460 nmethod 10497 0x00000287d8ba0110 code [0x00000287d8ba02a0, 0x00000287d8ba0388]
Event: 9.331 Thread 0x00000287e8b955d0 10498       1       org.antlr.v4.runtime.dfa.DFAState::equals (35 bytes)
Event: 9.331 Thread 0x00000287e8a51060 10499       1       org.antlr.v4.runtime.atn.ATNConfigSet::equals (105 bytes)
Event: 9.331 Thread 0x00000287e8b955d0 nmethod 10498 0x00000287d8b9fc90 code [0x00000287d8b9fe40, 0x00000287d8ba0028]
Event: 9.331 Thread 0x00000287e8a51060 nmethod 10499 0x00000287d8b9f710 code [0x00000287d8b9f8c0, 0x00000287d8b9fb48]

GC Heap History (20 events):
Event: 8.794 GC heap after
{Heap after GC invocations=26 (full 0):
 garbage-first heap   total 98304K, used 50192K [0x0000000702400000, 0x0000000800000000)
  region size 2048K, 2 young (4096K), 2 survivors (4096K)
 Metaspace       used 84261K, committed 84992K, reserved 1179648K
  class space    used 12262K, committed 12608K, reserved 1048576K
}
Event: 8.829 GC heap before
{Heap before GC invocations=26 (full 0):
 garbage-first heap   total 98304K, used 80912K [0x0000000702400000, 0x0000000800000000)
  region size 2048K, 17 young (34816K), 2 survivors (4096K)
 Metaspace       used 84267K, committed 84992K, reserved 1179648K
  class space    used 12262K, committed 12608K, reserved 1048576K
}
Event: 8.830 GC heap after
{Heap after GC invocations=27 (full 0):
 garbage-first heap   total 98304K, used 50156K [0x0000000702400000, 0x0000000800000000)
  region size 2048K, 2 young (4096K), 2 survivors (4096K)
 Metaspace       used 84267K, committed 84992K, reserved 1179648K
  class space    used 12262K, committed 12608K, reserved 1048576K
}
Event: 8.887 GC heap before
{Heap before GC invocations=28 (full 0):
 garbage-first heap   total 106496K, used 78828K [0x0000000702400000, 0x0000000800000000)
  region size 2048K, 16 young (32768K), 2 survivors (4096K)
 Metaspace       used 84406K, committed 85120K, reserved 1179648K
  class space    used 12276K, committed 12608K, reserved 1048576K
}
Event: 8.888 GC heap after
{Heap after GC invocations=29 (full 0):
 garbage-first heap   total 106496K, used 50159K [0x0000000702400000, 0x0000000800000000)
  region size 2048K, 1 young (2048K), 1 survivors (2048K)
 Metaspace       used 84406K, committed 85120K, reserved 1179648K
  class space    used 12276K, committed 12608K, reserved 1048576K
}
Event: 9.144 GC heap before
{Heap before GC invocations=29 (full 0):
 garbage-first heap   total 106496K, used 87023K [0x0000000702400000, 0x0000000800000000)
  region size 2048K, 19 young (38912K), 1 survivors (2048K)
 Metaspace       used 87961K, committed 88704K, reserved 1179648K
  class space    used 12944K, committed 13312K, reserved 1048576K
}
Event: 9.145 GC heap after
{Heap after GC invocations=30 (full 0):
 garbage-first heap   total 106496K, used 51056K [0x0000000702400000, 0x0000000800000000)
  region size 2048K, 2 young (4096K), 2 survivors (4096K)
 Metaspace       used 87961K, committed 88704K, reserved 1179648K
  class space    used 12944K, committed 13312K, reserved 1048576K
}
Event: 9.231 GC heap before
{Heap before GC invocations=31 (full 0):
 garbage-first heap   total 106496K, used 87920K [0x0000000702400000, 0x0000000800000000)
  region size 2048K, 20 young (40960K), 2 survivors (4096K)
 Metaspace       used 88343K, committed 89152K, reserved 1179648K
  class space    used 12992K, committed 13376K, reserved 1048576K
}
Event: 9.233 GC heap after
{Heap after GC invocations=32 (full 0):
 garbage-first heap   total 106496K, used 52089K [0x0000000702400000, 0x0000000800000000)
  region size 2048K, 2 young (4096K), 2 survivors (4096K)
 Metaspace       used 88343K, committed 89152K, reserved 1179648K
  class space    used 12992K, committed 13376K, reserved 1048576K
}
Event: 9.268 GC heap before
{Heap before GC invocations=32 (full 0):
 garbage-first heap   total 106496K, used 88953K [0x0000000702400000, 0x0000000800000000)
  region size 2048K, 20 young (40960K), 2 survivors (4096K)
 Metaspace       used 88343K, committed 89152K, reserved 1179648K
  class space    used 12992K, committed 13376K, reserved 1048576K
}
Event: 9.274 GC heap after
{Heap after GC invocations=33 (full 0):
 garbage-first heap   total 133120K, used 65886K [0x0000000702400000, 0x0000000800000000)
  region size 2048K, 3 young (6144K), 3 survivors (6144K)
 Metaspace       used 88343K, committed 89152K, reserved 1179648K
  class space    used 12992K, committed 13376K, reserved 1048576K
}
Event: 9.318 GC heap before
{Heap before GC invocations=34 (full 0):
 garbage-first heap   total 133120K, used 98654K [0x0000000702400000, 0x0000000800000000)
  region size 2048K, 19 young (38912K), 3 survivors (6144K)
 Metaspace       used 88390K, committed 89152K, reserved 1179648K
  class space    used 13001K, committed 13376K, reserved 1048576K
}
Event: 9.323 GC heap after
{Heap after GC invocations=35 (full 0):
 garbage-first heap   total 133120K, used 73411K [0x0000000702400000, 0x0000000800000000)
  region size 2048K, 3 young (6144K), 3 survivors (6144K)
 Metaspace       used 88390K, committed 89152K, reserved 1179648K
  class space    used 13001K, committed 13376K, reserved 1048576K
}
Event: 9.352 GC heap before
{Heap before GC invocations=35 (full 0):
 garbage-first heap   total 133120K, used 102083K [0x0000000702400000, 0x0000000800000000)
  region size 2048K, 17 young (34816K), 3 survivors (6144K)
 Metaspace       used 88390K, committed 89152K, reserved 1179648K
  class space    used 13001K, committed 13376K, reserved 1048576K
}
Event: 9.358 GC heap after
{Heap after GC invocations=36 (full 0):
 garbage-first heap   total 133120K, used 85340K [0x0000000702400000, 0x0000000800000000)
  region size 2048K, 3 young (6144K), 3 survivors (6144K)
 Metaspace       used 88390K, committed 89152K, reserved 1179648K
  class space    used 13001K, committed 13376K, reserved 1048576K
}
Event: 9.390 GC heap before
{Heap before GC invocations=36 (full 0):
 garbage-first heap   total 172032K, used 101724K [0x0000000702400000, 0x0000000800000000)
  region size 2048K, 11 young (22528K), 3 survivors (6144K)
 Metaspace       used 88360K, committed 89152K, reserved 1179648K
  class space    used 12996K, committed 13376K, reserved 1048576K
}
Event: 9.395 GC heap after
{Heap after GC invocations=37 (full 0):
 garbage-first heap   total 172032K, used 92151K [0x0000000702400000, 0x0000000800000000)
  region size 2048K, 2 young (4096K), 2 survivors (4096K)
 Metaspace       used 88360K, committed 89152K, reserved 1179648K
  class space    used 12996K, committed 13376K, reserved 1048576K
}
Event: 9.441 GC heap before
{Heap before GC invocations=38 (full 0):
 garbage-first heap   total 172032K, used 126967K [0x0000000702400000, 0x0000000800000000)
  region size 2048K, 19 young (38912K), 2 survivors (4096K)
 Metaspace       used 88360K, committed 89152K, reserved 1179648K
  class space    used 12996K, committed 13376K, reserved 1048576K
}
Event: 9.447 GC heap after
{Heap after GC invocations=39 (full 0):
 garbage-first heap   total 172032K, used 106903K [0x0000000702400000, 0x0000000800000000)
  region size 2048K, 3 young (6144K), 3 survivors (6144K)
 Metaspace       used 88360K, committed 89152K, reserved 1179648K
  class space    used 12996K, committed 13376K, reserved 1048576K
}
Event: 9.469 GC heap before
{Heap before GC invocations=39 (full 0):
 garbage-first heap   total 172032K, used 129431K [0x0000000702400000, 0x0000000800000000)
  region size 2048K, 14 young (28672K), 3 survivors (6144K)
 Metaspace       used 88361K, committed 89152K, reserved 1179648K
  class space    used 12996K, committed 13376K, reserved 1048576K
}

Deoptimization events (12 events):
Event: 2.758 Thread 0x00000287ed7d0460 DEOPT PACKING pc=0x00000287d93c0bec sp=0x000000a408afa580
Event: 2.758 Thread 0x00000287ed7d0460 DEOPT UNPACKING pc=0x00000287d8862b43 sp=0x000000a408af9a38 mode 0
Event: 2.978 Thread 0x00000287ed7d0460 DEOPT PACKING pc=0x00000287d95a768c sp=0x000000a408afbcd0
Event: 2.978 Thread 0x00000287ed7d0460 DEOPT UNPACKING pc=0x00000287d8862b43 sp=0x000000a408afb278 mode 0
Event: 2.978 Thread 0x00000287ed7d0460 DEOPT PACKING pc=0x00000287d95b1f64 sp=0x000000a408afc170
Event: 2.978 Thread 0x00000287ed7d0460 DEOPT UNPACKING pc=0x00000287d8862b43 sp=0x000000a408afb670 mode 0
Event: 4.476 Thread 0x00000287ed7d0460 DEOPT PACKING pc=0x00000287d9804e5c sp=0x000000a408afd620
Event: 4.476 Thread 0x00000287ed7d0460 DEOPT UNPACKING pc=0x00000287d8862b43 sp=0x000000a408afcb98 mode 0
Event: 7.849 Thread 0x00000287ed7d0460 DEOPT PACKING pc=0x00000287d9618514 sp=0x000000a408afb730
Event: 7.849 Thread 0x00000287ed7d0460 DEOPT UNPACKING pc=0x00000287d8862b43 sp=0x000000a408afac40 mode 0
Event: 8.150 Thread 0x00000287ef0511a0 DEOPT PACKING pc=0x00000287d9875bdc sp=0x000000a40a2fef20
Event: 8.150 Thread 0x00000287ef0511a0 DEOPT UNPACKING pc=0x00000287d8862b43 sp=0x000000a40a2fe448 mode 0

Classes unloaded (11 events):
Event: 8.681 Thread 0x00000287e8a61b50 Unloading class 0x0000028781a94800 'jdk/internal/reflect/GeneratedSerializationConstructorAccessor18'
Event: 9.156 Thread 0x00000287e8a61b50 Unloading class 0x0000028781c28c00 'jdk/internal/reflect/GeneratedSerializationConstructorAccessor19'
Event: 9.381 Thread 0x00000287e8a61b50 Unloading class 0x0000028781cfe800 'jdk/internal/reflect/GeneratedSerializationConstructorAccessor37'
Event: 9.381 Thread 0x00000287e8a61b50 Unloading class 0x0000028781cfe000 'jdk/internal/reflect/GeneratedSerializationConstructorAccessor36'
Event: 9.381 Thread 0x00000287e8a61b50 Unloading class 0x0000028781cfc000 'jdk/internal/reflect/GeneratedSerializationConstructorAccessor35'
Event: 9.381 Thread 0x00000287e8a61b50 Unloading class 0x0000028781cf0000 'jdk/internal/reflect/GeneratedSerializationConstructorAccessor34'
Event: 9.381 Thread 0x00000287e8a61b50 Unloading class 0x0000028781ceb400 'jdk/internal/reflect/GeneratedSerializationConstructorAccessor33'
Event: 9.381 Thread 0x00000287e8a61b50 Unloading class 0x0000028781ceb000 'jdk/internal/reflect/GeneratedSerializationConstructorAccessor32'
Event: 9.381 Thread 0x00000287e8a61b50 Unloading class 0x0000028781c3d400 'jdk/internal/reflect/GeneratedSerializationConstructorAccessor23'
Event: 9.381 Thread 0x00000287e8a61b50 Unloading class 0x0000028781c3cc00 'jdk/internal/reflect/GeneratedSerializationConstructorAccessor22'
Event: 9.381 Thread 0x00000287e8a61b50 Unloading class 0x0000028781c3c000 'jdk/internal/reflect/GeneratedSerializationConstructorAccessor21'

Classes redefined (0 events):
No events

Internal exceptions (20 events):
Event: 9.109 Thread 0x00000287ed7d0460 Exception <a 'java/lang/IllegalArgumentException'{0x00000007070cd260}: Wrong type at constant pool index> (0x00000007070cd260) 
thrown [s\open\src\hotspot\share\prims\jvm.cpp, line 2095]
Event: 9.109 Thread 0x00000287ed7d0460 Exception <a 'java/lang/reflect/InvocationTargetException'{0x00000007070cda80}> (0x00000007070cda80) 
thrown [s\open\src\hotspot\share\runtime\reflection.cpp, line 1121]
Event: 9.109 Thread 0x00000287ed7d0460 Exception <a 'java/lang/IllegalArgumentException'{0x00000007070ce308}: Wrong type at constant pool index> (0x00000007070ce308) 
thrown [s\open\src\hotspot\share\prims\jvm.cpp, line 2095]
Event: 9.110 Thread 0x00000287ed7d0460 Exception <a 'java/lang/reflect/InvocationTargetException'{0x00000007070ceb28}> (0x00000007070ceb28) 
thrown [s\open\src\hotspot\share\runtime\reflection.cpp, line 1121]
Event: 9.110 Thread 0x00000287ed7d0460 Exception <a 'java/lang/NoSuchMethodError'{0x00000007070d0498}: 'double java.lang.invoke.DirectMethodHandle$Holder.invokeVirtual(java.lang.Object, java.lang.Object)'> (0x00000007070d0498) 
thrown [s\open\src\hotspot\share\interpreter\linkResolver.cpp, line 759]
Event: 9.110 Thread 0x00000287ed7d0460 Exception <a 'java/lang/NoSuchMethodError'{0x00000007070d6f30}: 'void java.lang.invoke.DirectMethodHandle$Holder.invokeVirtual(java.lang.Object, java.lang.Object, double)'> (0x00000007070d6f30) 
thrown [s\open\src\hotspot\share\interpreter\linkResolver.cpp, line 759]
Event: 9.110 Thread 0x00000287ed7d0460 Exception <a 'java/lang/IllegalArgumentException'{0x00000007070dd590}: Wrong type at constant pool index> (0x00000007070dd590) 
thrown [s\open\src\hotspot\share\prims\jvm.cpp, line 2095]
Event: 9.110 Thread 0x00000287ed7d0460 Exception <a 'java/lang/reflect/InvocationTargetException'{0x00000007070dddb0}> (0x00000007070dddb0) 
thrown [s\open\src\hotspot\share\runtime\reflection.cpp, line 1121]
Event: 9.110 Thread 0x00000287ed7d0460 Exception <a 'java/lang/IllegalArgumentException'{0x00000007070de638}: Wrong type at constant pool index> (0x00000007070de638) 
thrown [s\open\src\hotspot\share\prims\jvm.cpp, line 2095]
Event: 9.110 Thread 0x00000287ed7d0460 Exception <a 'java/lang/reflect/InvocationTargetException'{0x00000007070dee58}> (0x00000007070dee58) 
thrown [s\open\src\hotspot\share\runtime\reflection.cpp, line 1121]
Event: 9.110 Thread 0x00000287ed7d0460 Exception <a 'java/lang/IllegalArgumentException'{0x00000007070e7c80}: Wrong type at constant pool index> (0x00000007070e7c80) 
thrown [s\open\src\hotspot\share\prims\jvm.cpp, line 2095]
Event: 9.110 Thread 0x00000287ed7d0460 Exception <a 'java/lang/reflect/InvocationTargetException'{0x00000007070e84a0}> (0x00000007070e84a0) 
thrown [s\open\src\hotspot\share\runtime\reflection.cpp, line 1121]
Event: 9.110 Thread 0x00000287ed7d0460 Exception <a 'java/lang/IllegalArgumentException'{0x00000007070e8d28}: Wrong type at constant pool index> (0x00000007070e8d28) 
thrown [s\open\src\hotspot\share\prims\jvm.cpp, line 2095]
Event: 9.111 Thread 0x00000287ed7d0460 Exception <a 'java/lang/IllegalArgumentException'{0x00000007070f35c8}: Wrong type at constant pool index> (0x00000007070f35c8) 
thrown [s\open\src\hotspot\share\prims\jvm.cpp, line 2095]
Event: 9.111 Thread 0x00000287ed7d0460 Exception <a 'java/lang/IllegalArgumentException'{0x00000007070f4670}: Wrong type at constant pool index> (0x00000007070f4670) 
thrown [s\open\src\hotspot\share\prims\jvm.cpp, line 2095]
Event: 9.118 Thread 0x00000287ed7d0460 Exception <a 'java/lang/IllegalArgumentException'{0x0000000706c59618}: Wrong type at constant pool index> (0x0000000706c59618) 
thrown [s\open\src\hotspot\share\prims\jvm.cpp, line 2095]
Event: 9.118 Thread 0x00000287ed7d0460 Exception <a 'java/lang/IllegalArgumentException'{0x0000000706c5a6c0}: Wrong type at constant pool index> (0x0000000706c5a6c0) 
thrown [s\open\src\hotspot\share\prims\jvm.cpp, line 2095]
Event: 9.118 Thread 0x00000287ed7d0460 Exception <a 'java/lang/IllegalArgumentException'{0x0000000706c60ef8}: Wrong type at constant pool index> (0x0000000706c60ef8) 
thrown [s\open\src\hotspot\share\prims\jvm.cpp, line 2095]
Event: 9.118 Thread 0x00000287ed7d0460 Exception <a 'java/lang/IllegalArgumentException'{0x0000000706c61fa0}: Wrong type at constant pool index> (0x0000000706c61fa0) 
thrown [s\open\src\hotspot\share\prims\jvm.cpp, line 2095]
Event: 9.175 Thread 0x00000287ed7d0460 Exception <a 'java/lang/NoSuchMethodError'{0x000000070f9136d0}: 'java.lang.Object java.lang.invoke.Invokers$Holder.invoke_MT(java.lang.Object, java.lang.Object, java.lang.Object, java.lang.Object, java.lang.Object, java.lang.Object, java.lang.Object, java.lang.Object, java.lang.Object)'> (0x000000070f9136d0) 
thrown [s\open\src\hotspot\share\interpreter\linkResolver.cpp, line 759]

VM Operations (20 events):
Event: 9.233 Executing VM operation: G1CollectForAllocation done
Event: 9.268 Executing VM operation: G1CollectForAllocation
Event: 9.274 Executing VM operation: G1CollectForAllocation done
Event: 9.287 Executing VM operation: G1Concurrent
Event: 9.290 Executing VM operation: G1Concurrent done
Event: 9.297 Executing VM operation: G1Concurrent
Event: 9.297 Executing VM operation: G1Concurrent done
Event: 9.318 Executing VM operation: G1CollectForAllocation
Event: 9.323 Executing VM operation: G1CollectForAllocation done
Event: 9.352 Executing VM operation: G1CollectForAllocation
Event: 9.358 Executing VM operation: G1CollectForAllocation done
Event: 9.381 Executing VM operation: G1Concurrent
Event: 9.390 Executing VM operation: G1Concurrent done
Event: 9.390 Executing VM operation: G1CollectForAllocation
Event: 9.395 Executing VM operation: G1CollectForAllocation done
Event: 9.404 Executing VM operation: G1Concurrent
Event: 9.405 Executing VM operation: G1Concurrent done
Event: 9.441 Executing VM operation: G1CollectForAllocation
Event: 9.447 Executing VM operation: G1CollectForAllocation done
Event: 9.469 Executing VM operation: G1CollectForAllocation

Events (20 events):
Event: 9.184 Thread 0x00000287e8a8a080 flushing nmethod 0x00000287d9b04990
Event: 9.184 Thread 0x00000287e8a8a080 flushing nmethod 0x00000287d9b0ac10
Event: 9.184 Thread 0x00000287e8a8a080 flushing nmethod 0x00000287d9b1f190
Event: 9.184 Thread 0x00000287e8a8a080 flushing nmethod 0x00000287d9b21f90
Event: 9.184 Thread 0x00000287e8a8a080 flushing nmethod 0x00000287d9b44090
Event: 9.184 Thread 0x00000287e8a8a080 flushing nmethod 0x00000287d9b44910
Event: 9.184 Thread 0x00000287e8a8a080 flushing nmethod 0x00000287d9b46510
Event: 9.184 Thread 0x00000287e8a8a080 flushing nmethod 0x00000287d9b51710
Event: 9.184 Thread 0x00000287e8a8a080 flushing nmethod 0x00000287d9bbf110
Event: 9.184 Thread 0x00000287e8a8a080 flushing nmethod 0x00000287d9bc7410
Event: 9.184 Thread 0x00000287e8a8a080 flushing nmethod 0x00000287d9bcbe10
Event: 9.184 Thread 0x00000287e8a8a080 flushing nmethod 0x00000287d9bcce90
Event: 9.184 Thread 0x00000287e8a8a080 flushing nmethod 0x00000287d9bcef90
Event: 9.184 Thread 0x00000287e8a8a080 flushing nmethod 0x00000287d9bcfa10
Event: 9.184 Thread 0x00000287e8a8a080 flushing nmethod 0x00000287d9c40d10
Event: 9.184 Thread 0x00000287e8a8a080 flushing nmethod 0x00000287d9c4a410
Event: 9.184 Thread 0x00000287e8a8a080 flushing nmethod 0x00000287d9c54110
Event: 9.184 Thread 0x00000287e8a8a080 flushing nmethod 0x00000287d9c67810
Event: 9.184 Thread 0x00000287e8a8a080 flushing nmethod 0x00000287d9c68090
Event: 9.184 Thread 0x00000287e8a8a080 flushing nmethod 0x00000287d9c73f10


Dynamic libraries:
0x00007ff673110000 - 0x00007ff673120000 	C:\Program Files\Java\jdk-17\bin\java.exe
0x00007ffe4cf10000 - 0x00007ffe4d127000 	C:\WINDOWS\SYSTEM32\ntdll.dll
0x00007ffe4ac30000 - 0x00007ffe4acf4000 	C:\WINDOWS\System32\KERNEL32.DLL
0x00007ffe4a2a0000 - 0x00007ffe4a65a000 	C:\WINDOWS\System32\KERNELBASE.dll
0x00007ffe4a660000 - 0x00007ffe4a771000 	C:\WINDOWS\System32\ucrtbase.dll
0x00007ffe3b440000 - 0x00007ffe3b459000 	C:\Program Files\Java\jdk-17\bin\jli.dll
0x00007ffe3b320000 - 0x00007ffe3b33b000 	C:\Program Files\Java\jdk-17\bin\VCRUNTIME140.dll
0x00007ffe4b3a0000 - 0x00007ffe4b452000 	C:\WINDOWS\System32\ADVAPI32.dll
0x00007ffe4c4f0000 - 0x00007ffe4c597000 	C:\WINDOWS\System32\msvcrt.dll
0x00007ffe4ad50000 - 0x00007ffe4adf7000 	C:\WINDOWS\System32\sechost.dll
0x00007ffe4a780000 - 0x00007ffe4a7a8000 	C:\WINDOWS\System32\bcrypt.dll
0x00007ffe4ae00000 - 0x00007ffe4af14000 	C:\WINDOWS\System32\RPCRT4.dll
0x00007ffe4cd20000 - 0x00007ffe4cece000 	C:\WINDOWS\System32\USER32.dll
0x00007ffe4a830000 - 0x00007ffe4a856000 	C:\WINDOWS\System32\win32u.dll
0x00007ffe4c2b0000 - 0x00007ffe4c2d9000 	C:\WINDOWS\System32\GDI32.dll
0x00007ffe49450000 - 0x00007ffe496e2000 	C:\WINDOWS\WinSxS\amd64_microsoft.windows.common-controls_6595b64144ccf1df_6.0.22621.4541_none_2710d1c57384c085\COMCTL32.dll
0x00007ffe4aaf0000 - 0x00007ffe4ac0b000 	C:\WINDOWS\System32\gdi32full.dll
0x00007ffe4a860000 - 0x00007ffe4a8fa000 	C:\WINDOWS\System32\msvcp_win.dll
0x00007ffe42800000 - 0x00007ffe4280a000 	C:\WINDOWS\SYSTEM32\VERSION.dll
0x00007ffe4bea0000 - 0x00007ffe4bed1000 	C:\WINDOWS\System32\IMM32.DLL
0x00007ffe3c130000 - 0x00007ffe3c13c000 	C:\Program Files\Java\jdk-17\bin\vcruntime140_1.dll
0x00007ffe37e00000 - 0x00007ffe37e8e000 	C:\Program Files\Java\jdk-17\bin\msvcp140.dll
0x00007ffdd6b00000 - 0x00007ffdd76e0000 	C:\Program Files\Java\jdk-17\bin\server\jvm.dll
0x00007ffe4c7e0000 - 0x00007ffe4c7e8000 	C:\WINDOWS\System32\PSAPI.DLL
0x00007ffe2a6f0000 - 0x00007ffe2a6f9000 	C:\WINDOWS\SYSTEM32\WSOCK32.dll
0x00007ffe3ec20000 - 0x00007ffe3ec54000 	C:\WINDOWS\SYSTEM32\WINMM.dll
0x00007ffe4c1b0000 - 0x00007ffe4c221000 	C:\WINDOWS\System32\WS2_32.dll
0x00007ffe48920000 - 0x00007ffe48938000 	C:\WINDOWS\SYSTEM32\kernel.appcore.dll
0x00007ffe3bc80000 - 0x00007ffe3bc8a000 	C:\Program Files\Java\jdk-17\bin\jimage.dll
0x00007ffe49b40000 - 0x00007ffe49d72000 	C:\WINDOWS\SYSTEM32\DBGHELP.DLL
0x00007ffe4c7f0000 - 0x00007ffe4cb7f000 	C:\WINDOWS\System32\combase.dll
0x00007ffe4cb90000 - 0x00007ffe4cc67000 	C:\WINDOWS\System32\OLEAUT32.dll
0x00007ffe499e0000 - 0x00007ffe49a12000 	C:\WINDOWS\SYSTEM32\dbgcore.DLL
0x00007ffe4a900000 - 0x00007ffe4a97b000 	C:\WINDOWS\System32\bcryptPrimitives.dll
0x00007ffe3b430000 - 0x00007ffe3b43e000 	C:\Program Files\Java\jdk-17\bin\instrument.dll
0x00007ffe39250000 - 0x00007ffe39275000 	C:\Program Files\Java\jdk-17\bin\java.dll
0x00007ffe2aa30000 - 0x00007ffe2ab07000 	C:\Program Files\Java\jdk-17\bin\jsvml.dll
0x00007ffe4b620000 - 0x00007ffe4be98000 	C:\WINDOWS\System32\SHELL32.dll
0x00007ffe47680000 - 0x00007ffe47f88000 	C:\WINDOWS\SYSTEM32\windows.storage.dll
0x00007ffe47540000 - 0x00007ffe4767f000 	C:\WINDOWS\SYSTEM32\wintypes.dll
0x00007ffe4c3f0000 - 0x00007ffe4c4ea000 	C:\WINDOWS\System32\SHCORE.dll
0x00007ffe4bee0000 - 0x00007ffe4bf3e000 	C:\WINDOWS\System32\shlwapi.dll
0x00007ffe4a110000 - 0x00007ffe4a13b000 	C:\WINDOWS\SYSTEM32\profapi.dll
0x00007ffe39110000 - 0x00007ffe39128000 	C:\Program Files\Java\jdk-17\bin\zip.dll
0x00007ffe390f0000 - 0x00007ffe39109000 	C:\Program Files\Java\jdk-17\bin\net.dll
0x00007ffe43660000 - 0x00007ffe43796000 	C:\WINDOWS\SYSTEM32\WINHTTP.dll
0x00007ffe48db0000 - 0x00007ffe48e19000 	C:\WINDOWS\system32\mswsock.dll
0x00007ffe37de0000 - 0x00007ffe37df6000 	C:\Program Files\Java\jdk-17\bin\nio.dll
0x00007ffe2e0a0000 - 0x00007ffe2e0ba000 	C:\Program Files\JetBrains\IntelliJ IDEA 2024.2.1\bin\breakgen64.dll
0x00007ffe48490000 - 0x00007ffe48592000 	C:\WINDOWS\SYSTEM32\DNSAPI.dll
0x00007ffe48420000 - 0x00007ffe4844d000 	C:\WINDOWS\SYSTEM32\IPHLPAPI.DLL
0x00007ffe4c3e0000 - 0x00007ffe4c3e9000 	C:\WINDOWS\System32\NSI.dll
0x00007ffe3c400000 - 0x00007ffe3c40a000 	C:\Windows\System32\rasadhlp.dll
0x00007ffe42740000 - 0x00007ffe427c3000 	C:\WINDOWS\System32\fwpuclnt.dll
0x00007ffe2e8e0000 - 0x00007ffe2e8ea000 	C:\Program Files\Java\jdk-17\bin\management.dll
0x00007ffe2e470000 - 0x00007ffe2e47b000 	C:\Program Files\Java\jdk-17\bin\management_ext.dll
0x00007ffe49e80000 - 0x00007ffe49e9b000 	C:\WINDOWS\SYSTEM32\CRYPTSP.dll
0x00007ffe49080000 - 0x00007ffe490b5000 	C:\WINDOWS\system32\rsaenh.dll
0x00007ffe48e20000 - 0x00007ffe48e48000 	C:\WINDOWS\SYSTEM32\USERENV.dll
0x00007ffe49120000 - 0x00007ffe4912c000 	C:\WINDOWS\SYSTEM32\CRYPTBASE.dll
0x00007ffe43890000 - 0x00007ffe438a9000 	C:\WINDOWS\SYSTEM32\dhcpcsvc6.DLL
0x00007ffe43640000 - 0x00007ffe4365f000 	C:\WINDOWS\SYSTEM32\dhcpcsvc.DLL
0x00007ffe2b420000 - 0x00007ffe2b437000 	C:\WINDOWS\system32\napinsp.dll
0x00007ffe2b400000 - 0x00007ffe2b41b000 	C:\WINDOWS\system32\pnrpnsp.dll
0x00007ffe2b0e0000 - 0x00007ffe2b0f1000 	C:\WINDOWS\System32\winrnr.dll
0x00007ffe2b0c0000 - 0x00007ffe2b0d5000 	C:\WINDOWS\system32\wshbth.dll
0x00007ffe2b090000 - 0x00007ffe2b0b7000 	C:\WINDOWS\system32\nlansp_c.dll
0x00007ffe2e240000 - 0x00007ffe2e24e000 	C:\Program Files\Java\jdk-17\bin\sunmscapi.dll
0x00007ffe4a980000 - 0x00007ffe4aae6000 	C:\WINDOWS\System32\CRYPT32.dll
0x00007ffe49420000 - 0x00007ffe4944d000 	C:\WINDOWS\SYSTEM32\ncrypt.dll
0x00007ffe493e0000 - 0x00007ffe49417000 	C:\WINDOWS\SYSTEM32\NTASN1.dll
0x00007ffe390e0000 - 0x00007ffe390f0000 	C:\Program Files\Java\jdk-17\bin\verify.dll

dbghelp: loaded successfully - version: 4.0.5 - missing functions: none
symbol engine: initialized successfully - sym options: 0x614 - pdb path: .;C:\Program Files\Java\jdk-17\bin;C:\WINDOWS\SYSTEM32;C:\WINDOWS\WinSxS\amd64_microsoft.windows.common-controls_6595b64144ccf1df_6.0.22621.4541_none_2710d1c57384c085;C:\Program Files\Java\jdk-17\bin\server;C:\Program Files\JetBrains\IntelliJ IDEA 2024.2.1\bin

VM Arguments:
jvm_args: -XX:TieredStopAtLevel=1 -Dspring.output.ansi.enabled=always -Dcom.sun.management.jmxremote -Dspring.jmx.enabled=true -Dspring.liveBeansView.mbeanDomain -Dspring.application.admin.enabled=true -Dmanagement.endpoints.jmx.exposure.include=* -javaagent:C:\Program Files\JetBrains\IntelliJ IDEA 2024.2.1\lib\idea_rt.jar=64860:C:\Program Files\JetBrains\IntelliJ IDEA 2024.2.1\bin -Dfile.encoding=UTF-8 
java_command: BackAnt.BackAntApplication
java_class_path (initial): C:\Users\lotte4\Desktop\project\lotte-2nd-project-back-team3\build\classes\java\main;C:\Users\lotte4\Desktop\project\lotte-2nd-project-back-team3\build\resources\main;C:\Users\lotte4\.gradle\caches\modules-2\files-2.1\org.springframework.boot\spring-boot-configuration-processor\3.4.0\fc571725ca8b92a09a48ccce8ab1547464b0bd8b\spring-boot-configuration-processor-3.4.0.jar;C:\Users\lotte4\.gradle\caches\modules-2\files-2.1\org.projectlombok\lombok\1.18.36\5a30490a6e14977d97d9c73c924c1f1b5311ea95\lombok-1.18.36.jar;C:\Users\lotte4\.gradle\caches\modules-2\files-2.1\org.springframework.boot\spring-boot-starter-data-jpa\3.4.0\c6e24cab029e2b2ef36c4a5a5b1a82dbaa9d18c0\spring-boot-starter-data-jpa-3.4.0.jar;C:\Users\lotte4\.gradle\caches\modules-2\files-2.1\org.springframework.boot\spring-boot-starter-security\3.4.0\b4027ba9875f9d78ffec7010da88c1e5b964d6ed\spring-boot-starter-security-3.4.0.jar;C:\Users\lotte4\.gradle\caches\modules-2\files-2.1\org.springframework.boot\spring-boot-starter-websocket\3.4.0\212614049d7748372e4aace3089228591b1c2dba\spring-boot-starter-websocket-3.4.0.jar;C:\Users\lotte4\.gradle\caches\modules-2\files-2.1\org.springframework.boot\spring-boot-starter-web\3.4.0\5447a62dc3dee3eadf2def23314e0db4c81bb3\spring-boot-starter-web-3.4.0.jar;C:\Users\lotte4\.gradle\caches\modules-2\files-2.1\org.springframework.boot\spring-boot-starter-thymeleaf\3.4.0\1ec7fdf829d485800146ec333d6e30af9fbc4830\spring-boot-starter-thymeleaf-3.4.0.jar;C:\Users\lotte4\.gradle\caches\modules-2\files-2.1\org.thymeleaf.extras\thymeleaf-extras-springsecurity6\3.1.2.RELEASE\574c188eb147191e2f162419e9fc780fcf3256d7\thymeleaf-extras-springsecurity6-3.1.2.RELEASE.jar;C:\Users\lotte4\.gradle\caches\modules-2\files-2.1\org.springframework.boot\spring-boot-starter-data-redis\3.4.0\5da88cdbb297c6603b93881184b23891bd6f0a37\spring-boot-starter-data-redis-3.4.0.jar;C:\Users\lotte4\.gradle\caches\modules-2\files-2.1\io.jsonwebtoken\jjwt-api\0.12.6\478886a888f6add0493
Launcher Type: SUN_STANDARD

[Global flags]
     intx CICompilerCount                          = 12                                        {product} {ergonomic}
     uint ConcGCThreads                            = 4                                         {product} {ergonomic}
     uint G1ConcRefinementThreads                  = 15                                        {product} {ergonomic}
   size_t G1HeapRegionSize                         = 2097152                                   {product} {ergonomic}
    uintx GCDrainStackTargetSize                   = 64                                        {product} {ergonomic}
   size_t InitialHeapSize                          = 266338304                                 {product} {ergonomic}
     bool ManagementServer                         = true                                      {product} {command line}
   size_t MarkStackSize                            = 4194304                                   {product} {ergonomic}
   size_t MaxHeapSize                              = 4257218560                                {product} {ergonomic}
   size_t MaxNewSize                               = 2554331136                                {product} {ergonomic}
   size_t MinHeapDeltaBytes                        = 2097152                                   {product} {ergonomic}
   size_t MinHeapSize                              = 8388608                                   {product} {ergonomic}
    uintx NonProfiledCodeHeapSize                  = 0                                      {pd product} {ergonomic}
     bool ProfileInterpreter                       = false                                  {pd product} {command line}
    uintx ProfiledCodeHeapSize                     = 0                                      {pd product} {ergonomic}
   size_t SoftMaxHeapSize                          = 4257218560                             {manageable} {ergonomic}
     intx TieredStopAtLevel                        = 1                                         {product} {command line}
     bool UseCompressedClassPointers               = true                           {product lp64_product} {ergonomic}
     bool UseCompressedOops                        = true                           {product lp64_product} {ergonomic}
     bool UseG1GC                                  = true                                      {product} {ergonomic}
     bool UseLargePagesIndividualAllocation        = false                                  {pd product} {ergonomic}

Logging:
Log output configuration:
 #0: stdout all=warning uptime,level,tags
 #1: stderr all=off uptime,level,tags

Environment Variables:
JAVA_HOME=C:\Program Files\Java\jdk-17
CLASSPATH=C:\Program Files\Java\jdk-17lib
PATH=C:\Program Files\Common Files\Oracle\Java\javapath;C:\WINDOWS\system32;C:\WINDOWS;C:\WINDOWS\System32\Wbem;C:\WINDOWS\System32\WindowsPowerShell\v1.0\;C:\WINDOWS\System32\OpenSSH\;C:\Program Files (x86)\Common Files\Acronis\VirtualFile\;C:\Program Files (x86)\Common Files\Acronis\VirtualFile64\;C:\Program Files (x86)\Common Files\Acronis\FileProtector\;C:\Program Files (x86)\Common Files\Acronis\FileProtector64\;C:\Program Files (x86)\Common Files\Acronis\SnapAPI\;C:\Program Files\Common Files\Autodesk Shared\;C:\Program Files\Microsoft SQL Server\120\Tools\Binn\;C:\Program Files\Java\jdk-17\bin;C:\Program Files\Git\cmd;C:\Program Files\nodejs\;C:\Users\lotte4\AppData\Local\Microsoft\WindowsApps;C:\Users\lotte4\AppData\Local\Programs\Microsoft VS Code\bin;C:\Program Files\JetBrains\IntelliJ IDEA 2024.2.1\bin;;C:\Users\lotte4\AppData\Roaming\npm;
USERNAME=lotte4
OS=Windows_NT
PROCESSOR_IDENTIFIER=Intel64 Family 6 Model 151 Stepping 2, GenuineIntel



---------------  S Y S T E M  ---------------

OS:
 Windows 11 , 64 bit Build 22621 (10.0.22621.4391)
OS uptime: 5 days 21:52 hours
Hyper-V role detected

CPU: total 20 (initial active 20) (10 cores per cpu, 2 threads per core) family 6 model 151 stepping 2 microcode 0x2d, cx8, cmov, fxsr, ht, mmx, 3dnowpref, sse, sse2, sse3, ssse3, sse4.1, sse4.2, popcnt, lzcnt, tsc, tscinvbit, avx, avx2, aes, erms, clmul, bmi1, bmi2, adx, sha, fma, vzeroupper, clflush, clflushopt, clwb, hv

Memory: 4k page, system-wide physical 16234M (2831M free)
TotalPageFile size 65386M (AvailPageFile size 61M)
current process WorkingSet (physical memory assigned to process): 358M, peak: 358M
current process commit charge ("private bytes"): 514M, peak: 622M

vm_info: Java HotSpot(TM) 64-Bit Server VM (17.0.11+7-LTS-207) for windows-amd64 JRE (17.0.11+7-LTS-207), built on Mar 11 2024 19:01:50 by "mach5one" with MS VC++ 17.6 (VS2022)

END.
